<?xml version="1.0" encoding="UTF-8"?>
<!-- Generated by org.testng.reporters.JUnitReportReporter -->
<testsuite hostname="DESKTOP-1U4P8N0" failures="0" tests="4" name="api.test.UserTest" time="8.639" errors="0" timestamp="2023-09-10T22:43:41 IST" skipped="0">
  <testcase classname="api.test.UserTest" name="testPostUser" time="3.731"/>
  <system-out/>
  <testcase classname="api.test.UserTest" name="testGetUser" time="1.220"/>
  <system-out/>
  <testcase classname="api.test.UserTest" name="testUpdateUser" time="2.473"/>
  <system-out/>
  <testcase classname="api.test.UserTest" name="testDeleteUser" time="1.215"/>
  <system-out/>
</testsuite> <!-- api.test.UserTest -->
