<?xml version="1.0" encoding="UTF-8"?>
<!-- Generated by org.testng.reporters.JUnitReportReporter -->
<testsuite hostname="DESKTOP-1U4P8N0" failures="0" tests="4" name="api.test.UserTest" time="12.704" errors="0" timestamp="2023-09-12T22:26:42 IST" skipped="0">
  <testcase classname="api.test.UserTest" name="testPostUser" time="7.610"/>
  <testcase classname="api.test.UserTest" name="testGetUser" time="1.312"/>
  <testcase classname="api.test.UserTest" name="testUpdateUser" time="2.532"/>
  <testcase classname="api.test.UserTest" name="testDeleteUser" time="1.250"/>
</testsuite> <!-- api.test.UserTest -->
